<?xml version="1.0" encoding="UTF-8"?>
<!-- Generated by org.testng.reporters.JUnitReportReporter -->
<testsuite hostname="Steve" failures="0" tests="1" name="Sample.Redbus" time="0.345" errors="0" timestamp="2024-10-05T17:11:57 IST" skipped="0">
  <testcase classname="Sample.Redbus" name="departureField" time="0.345"/>
</testsuite> <!-- Sample.Redbus -->
